0 info it worked if it ends with ok
1 verbose cli [ 'C:\\Program Files\\nodejs\\node.exe',
1 verbose cli   'C:\\Users\\Swabha\\AppData\\Roaming\\npm\\node_modules\\npm\\bin\\npm-cli.js',
1 verbose cli   'publish' ]
2 info using npm@3.10.6
3 info using node@v6.10.1
4 verbose publish [ '.' ]
5 silly cache add args [ '.', null ]
6 verbose cache add spec .
7 silly cache add parsed spec Result {
7 silly cache add   raw: '.',
7 silly cache add   scope: null,
7 silly cache add   escapedName: null,
7 silly cache add   name: null,
7 silly cache add   rawSpec: '.',
7 silly cache add   spec: 'E:\\Inexis\\NPM_packages\\Components\\login_component',
7 silly cache add   type: 'directory' }
8 verbose addLocalDirectory C:\Users\Swabha\AppData\Roaming\npm-cache\login_component\1.0.0\package.tgz not in flight; packing
9 verbose correctMkdir C:\Users\Swabha\AppData\Roaming\npm-cache correctMkdir not in flight; initializing
10 info lifecycle login_component@1.0.0~prepublish: login_component@1.0.0
11 silly lifecycle login_component@1.0.0~prepublish: no script for prepublish, continuing
12 verbose tar pack [ 'C:\\Users\\Swabha\\AppData\\Roaming\\npm-cache\\login_component\\1.0.0\\package.tgz',
12 verbose tar pack   'E:\\Inexis\\NPM_packages\\Components\\login_component' ]
13 verbose tarball C:\Users\Swabha\AppData\Roaming\npm-cache\login_component\1.0.0\package.tgz
14 verbose folder E:\Inexis\NPM_packages\Components\login_component
15 verbose addLocalTarball adding from inside cache C:\Users\Swabha\AppData\Roaming\npm-cache\login_component\1.0.0\package.tgz
16 verbose correctMkdir C:\Users\Swabha\AppData\Roaming\npm-cache correctMkdir not in flight; initializing
17 silly cache afterAdd login_component@1.0.0
18 verbose afterAdd C:\Users\Swabha\AppData\Roaming\npm-cache\login_component\1.0.0\package\package.json not in flight; writing
19 verbose correctMkdir C:\Users\Swabha\AppData\Roaming\npm-cache correctMkdir not in flight; initializing
20 verbose afterAdd C:\Users\Swabha\AppData\Roaming\npm-cache\login_component\1.0.0\package\package.json written
21 silly publish { name: 'login_component',
21 silly publish   version: '1.0.0',
21 silly publish   description: 'Component for scaffoling with login view.',
21 silly publish   main: 'index.js',
21 silly publish   scripts: { test: 'echo "Error: no test specified" && exit 1' },
21 silly publish   repository:
21 silly publish    { type: 'git',
21 silly publish      url: 'git+https://github.com/swabha88/login_component.git' },
21 silly publish   keywords: [ 'login' ],
21 silly publish   author: { name: 'Swabha Rajapaksha' },
21 silly publish   license: 'ISC',
21 silly publish   bugs: { url: 'https://github.com/swabha88/login_component/issues' },
21 silly publish   homepage: 'https://github.com/swabha88/login_component#readme',
21 silly publish   gitHead: '266ef98e49147d911c65ea220d9cc59315fd2670',
21 silly publish   readme: 'ERROR: No README data found!',
21 silly publish   _id: 'login_component@1.0.0',
21 silly publish   _shasum: '38b28ee4ec9d662da7907ea4a30f3dcf61ac809a',
21 silly publish   _from: '.' }
22 verbose getPublishConfig undefined
23 silly mapToRegistry name login_component
24 silly mapToRegistry using default registry
25 silly mapToRegistry registry https://registry.npmjs.org/
26 silly mapToRegistry data Result {
26 silly mapToRegistry   raw: 'login_component',
26 silly mapToRegistry   scope: null,
26 silly mapToRegistry   escapedName: 'login_component',
26 silly mapToRegistry   name: 'login_component',
26 silly mapToRegistry   rawSpec: '',
26 silly mapToRegistry   spec: 'latest',
26 silly mapToRegistry   type: 'tag' }
27 silly mapToRegistry uri https://registry.npmjs.org/login_component
28 verbose publish registryBase https://registry.npmjs.org/
29 silly publish uploading C:\Users\Swabha\AppData\Roaming\npm-cache\login_component\1.0.0\package.tgz
30 verbose request uri https://registry.npmjs.org/login_component
31 verbose request sending authorization for write operation
32 info attempt registry request try #1 at 4:30:05 PM
33 verbose request using bearer token for auth
34 verbose request id 0ffeeca9ad2906ce
35 http request PUT https://registry.npmjs.org/login_component
36 http 403 https://registry.npmjs.org/login_component
37 verbose headers { 'content-type': 'application/json',
37 verbose headers   'cache-control': 'max-age=300',
37 verbose headers   'content-length': '109',
37 verbose headers   'accept-ranges': 'bytes',
37 verbose headers   date: 'Tue, 28 Mar 2017 11:00:07 GMT',
37 verbose headers   via: '1.1 varnish',
37 verbose headers   connection: 'keep-alive',
37 verbose headers   'x-served-by': 'cache-sin18026-SIN',
37 verbose headers   'x-cache': 'MISS',
37 verbose headers   'x-cache-hits': '0',
37 verbose headers   'x-timer': 'S1490698807.009706,VS0,VE922',
37 verbose headers   vary: 'Accept-Encoding' }
38 verbose request invalidating C:\Users\Swabha\AppData\Roaming\npm-cache\registry.npmjs.org\login_component on PUT
39 error publish Failed PUT 403
40 verbose stack Error: you do not have permission to publish "login_component". Are you logged in as the correct user? : login_component
40 verbose stack     at makeError (C:\Users\Swabha\AppData\Roaming\npm\node_modules\npm\node_modules\npm-registry-client\lib\request.js:264:12)
40 verbose stack     at CachingRegistryClient.<anonymous> (C:\Users\Swabha\AppData\Roaming\npm\node_modules\npm\node_modules\npm-registry-client\lib\request.js:252:14)
40 verbose stack     at Request._callback (C:\Users\Swabha\AppData\Roaming\npm\node_modules\npm\node_modules\npm-registry-client\lib\request.js:172:14)
40 verbose stack     at Request.self.callback (C:\Users\Swabha\AppData\Roaming\npm\node_modules\npm\node_modules\request\request.js:200:22)
40 verbose stack     at emitTwo (events.js:106:13)
40 verbose stack     at Request.emit (events.js:191:7)
40 verbose stack     at Request.<anonymous> (C:\Users\Swabha\AppData\Roaming\npm\node_modules\npm\node_modules\request\request.js:1067:10)
40 verbose stack     at emitOne (events.js:101:20)
40 verbose stack     at Request.emit (events.js:188:7)
40 verbose stack     at IncomingMessage.<anonymous> (C:\Users\Swabha\AppData\Roaming\npm\node_modules\npm\node_modules\request\request.js:988:12)
41 verbose statusCode 403
42 verbose pkgid login_component
43 verbose cwd E:\Inexis\NPM_packages\Components\login_component
44 error Windows_NT 6.3.9600
45 error argv "C:\\Program Files\\nodejs\\node.exe" "C:\\Users\\Swabha\\AppData\\Roaming\\npm\\node_modules\\npm\\bin\\npm-cli.js" "publish"
46 error node v6.10.1
47 error npm  v3.10.6
48 error code E403
49 error you do not have permission to publish "login_component". Are you logged in as the correct user? : login_component
50 error If you need help, you may report this error at:
50 error     <https://github.com/npm/npm/issues>
51 verbose exit [ 1, true ]
